{"/Volumes/Data/code-project/Merlin218.github.io/docs/系列文章/手写代码系列/code/lib/bundle.esm.js": {"path":"/Volumes/Data/code-project/Merlin218.github.io/docs/系列文章/手写代码系列/code/lib/bundle.esm.js","statementMap":{"0":{"start":{"line":1,"column":14},"end":{"line":1,"column":23}},"1":{"start":{"line":2,"column":16},"end":{"line":2,"column":27}},"2":{"start":{"line":3,"column":15},"end":{"line":3,"column":23}},"3":{"start":{"line":6,"column":8},"end":{"line":6,"column":30}},"4":{"start":{"line":7,"column":8},"end":{"line":7,"column":26}},"5":{"start":{"line":8,"column":8},"end":{"line":8,"column":27}},"6":{"start":{"line":9,"column":8},"end":{"line":9,"column":39}},"7":{"start":{"line":10,"column":8},"end":{"line":10,"column":38}},"8":{"start":{"line":12,"column":19},"end":{"line":12,"column":23}},"9":{"start":{"line":14,"column":12},"end":{"line":22,"column":13}},"10":{"start":{"line":16,"column":16},"end":{"line":16,"column":40}},"11":{"start":{"line":17,"column":16},"end":{"line":17,"column":35}},"12":{"start":{"line":19,"column":16},"end":{"line":21,"column":19}},"13":{"start":{"line":20,"column":20},"end":{"line":20,"column":41}},"14":{"start":{"line":25,"column":12},"end":{"line":31,"column":13}},"15":{"start":{"line":26,"column":16},"end":{"line":26,"column":39}},"16":{"start":{"line":27,"column":16},"end":{"line":27,"column":37}},"17":{"start":{"line":28,"column":16},"end":{"line":30,"column":19}},"18":{"start":{"line":29,"column":20},"end":{"line":29,"column":42}},"19":{"start":{"line":33,"column":8},"end":{"line":38,"column":9}},"20":{"start":{"line":34,"column":12},"end":{"line":34,"column":32}},"21":{"start":{"line":37,"column":12},"end":{"line":37,"column":26}},"22":{"start":{"line":41,"column":25},"end":{"line":59,"column":10}},"23":{"start":{"line":42,"column":24},"end":{"line":42,"column":25}},"24":{"start":{"line":43,"column":25},"end":{"line":43,"column":27}},"25":{"start":{"line":44,"column":25},"end":{"line":44,"column":43}},"26":{"start":{"line":45,"column":12},"end":{"line":47,"column":13}},"27":{"start":{"line":46,"column":16},"end":{"line":46,"column":39}},"28":{"start":{"line":48,"column":12},"end":{"line":58,"column":15}},"29":{"start":{"line":49,"column":16},"end":{"line":57,"column":19}},"30":{"start":{"line":50,"column":20},"end":{"line":50,"column":28}},"31":{"start":{"line":51,"column":20},"end":{"line":51,"column":42}},"32":{"start":{"line":52,"column":20},"end":{"line":54,"column":21}},"33":{"start":{"line":53,"column":24},"end":{"line":53,"column":40}},"34":{"start":{"line":56,"column":20},"end":{"line":56,"column":35}},"35":{"start":{"line":60,"column":8},"end":{"line":60,"column":26}},"36":{"start":{"line":63,"column":25},"end":{"line":76,"column":10}},"37":{"start":{"line":64,"column":12},"end":{"line":75,"column":13}},"38":{"start":{"line":65,"column":16},"end":{"line":65,"column":33}},"39":{"start":{"line":68,"column":16},"end":{"line":74,"column":19}},"40":{"start":{"line":69,"column":20},"end":{"line":71,"column":23}},"41":{"start":{"line":70,"column":24},"end":{"line":70,"column":46}},"42":{"start":{"line":73,"column":20},"end":{"line":73,"column":42}},"43":{"start":{"line":77,"column":8},"end":{"line":77,"column":26}},"44":{"start":{"line":80,"column":8},"end":{"line":105,"column":11}},"45":{"start":{"line":81,"column":24},"end":{"line":81,"column":25}},"46":{"start":{"line":82,"column":25},"end":{"line":82,"column":27}},"47":{"start":{"line":83,"column":25},"end":{"line":83,"column":43}},"48":{"start":{"line":84,"column":12},"end":{"line":86,"column":13}},"49":{"start":{"line":85,"column":16},"end":{"line":85,"column":39}},"50":{"start":{"line":87,"column":12},"end":{"line":104,"column":15}},"51":{"start":{"line":88,"column":16},"end":{"line":103,"column":19}},"52":{"start":{"line":89,"column":20},"end":{"line":92,"column":22}},"53":{"start":{"line":94,"column":20},"end":{"line":97,"column":22}},"54":{"start":{"line":99,"column":20},"end":{"line":99,"column":28}},"55":{"start":{"line":100,"column":20},"end":{"line":102,"column":21}},"56":{"start":{"line":101,"column":24},"end":{"line":101,"column":47}},"57":{"start":{"line":108,"column":21},"end":{"line":108,"column":23}},"58":{"start":{"line":109,"column":8},"end":{"line":112,"column":11}},"59":{"start":{"line":110,"column":12},"end":{"line":110,"column":37}},"60":{"start":{"line":111,"column":12},"end":{"line":111,"column":35}},"61":{"start":{"line":113,"column":8},"end":{"line":113,"column":22}},"62":{"start":{"line":118,"column":30},"end":{"line":118,"column":41}},"63":{"start":{"line":119,"column":8},"end":{"line":123,"column":9}},"64":{"start":{"line":120,"column":12},"end":{"line":122,"column":14}},"65":{"start":{"line":121,"column":16},"end":{"line":121,"column":29}},"66":{"start":{"line":125,"column":29},"end":{"line":125,"column":39}},"67":{"start":{"line":126,"column":8},"end":{"line":135,"column":9}},"68":{"start":{"line":127,"column":12},"end":{"line":134,"column":14}},"69":{"start":{"line":128,"column":16},"end":{"line":133,"column":17}},"70":{"start":{"line":129,"column":20},"end":{"line":129,"column":33}},"71":{"start":{"line":132,"column":20},"end":{"line":132,"column":44}},"72":{"start":{"line":137,"column":8},"end":{"line":161,"column":9}},"73":{"start":{"line":140,"column":27},"end":{"line":159,"column":14}},"74":{"start":{"line":144,"column":16},"end":{"line":158,"column":22}},"75":{"start":{"line":145,"column":20},"end":{"line":157,"column":21}},"76":{"start":{"line":146,"column":24},"end":{"line":153,"column":25}},"77":{"start":{"line":147,"column":28},"end":{"line":147,"column":48}},"78":{"start":{"line":151,"column":40},"end":{"line":151,"column":67}},"79":{"start":{"line":152,"column":28},"end":{"line":152,"column":97}},"80":{"start":{"line":156,"column":24},"end":{"line":156,"column":38}},"81":{"start":{"line":160,"column":12},"end":{"line":160,"column":28}},"82":{"start":{"line":163,"column":8},"end":{"line":184,"column":9}},"83":{"start":{"line":166,"column":27},"end":{"line":182,"column":14}},"84":{"start":{"line":167,"column":16},"end":{"line":181,"column":22}},"85":{"start":{"line":168,"column":20},"end":{"line":180,"column":21}},"86":{"start":{"line":169,"column":24},"end":{"line":176,"column":25}},"87":{"start":{"line":170,"column":28},"end":{"line":170,"column":48}},"88":{"start":{"line":174,"column":28},"end":{"line":174,"column":56}},"89":{"start":{"line":175,"column":28},"end":{"line":175,"column":38}},"90":{"start":{"line":179,"column":24},"end":{"line":179,"column":38}},"91":{"start":{"line":183,"column":12},"end":{"line":183,"column":28}},"92":{"start":{"line":186,"column":8},"end":{"line":212,"column":9}},"93":{"start":{"line":188,"column":23},"end":{"line":188,"column":27}},"94":{"start":{"line":189,"column":27},"end":{"line":210,"column":14}},"95":{"start":{"line":190,"column":16},"end":{"line":199,"column":19}},"96":{"start":{"line":191,"column":20},"end":{"line":198,"column":26}},"97":{"start":{"line":192,"column":24},"end":{"line":197,"column":25}},"98":{"start":{"line":193,"column":28},"end":{"line":193,"column":56}},"99":{"start":{"line":196,"column":28},"end":{"line":196,"column":42}},"100":{"start":{"line":200,"column":16},"end":{"line":209,"column":19}},"101":{"start":{"line":201,"column":20},"end":{"line":208,"column":26}},"102":{"start":{"line":202,"column":24},"end":{"line":207,"column":25}},"103":{"start":{"line":203,"column":28},"end":{"line":203,"column":56}},"104":{"start":{"line":206,"column":28},"end":{"line":206,"column":42}},"105":{"start":{"line":211,"column":12},"end":{"line":211,"column":28}},"106":{"start":{"line":215,"column":8},"end":{"line":215,"column":43}},"107":{"start":{"line":218,"column":8},"end":{"line":226,"column":11}},"108":{"start":{"line":219,"column":12},"end":{"line":221,"column":15}},"109":{"start":{"line":220,"column":16},"end":{"line":220,"column":29}},"110":{"start":{"line":223,"column":12},"end":{"line":225,"column":15}},"111":{"start":{"line":224,"column":16},"end":{"line":224,"column":28}},"112":{"start":{"line":231,"column":8},"end":{"line":233,"column":9}},"113":{"start":{"line":232,"column":12},"end":{"line":232,"column":90}},"114":{"start":{"line":234,"column":8},"end":{"line":299,"column":9}},"115":{"start":{"line":238,"column":12},"end":{"line":240,"column":23}},"116":{"start":{"line":239,"column":16},"end":{"line":239,"column":80}},"117":{"start":{"line":243,"column":13},"end":{"line":299,"column":9}},"118":{"start":{"line":245,"column":12},"end":{"line":247,"column":13}},"119":{"start":{"line":246,"column":16},"end":{"line":246,"column":34}},"120":{"start":{"line":248,"column":12},"end":{"line":255,"column":13}},"121":{"start":{"line":250,"column":27},"end":{"line":250,"column":33}},"122":{"start":{"line":254,"column":16},"end":{"line":254,"column":37}},"123":{"start":{"line":257,"column":12},"end":{"line":294,"column":13}},"124":{"start":{"line":258,"column":29},"end":{"line":258,"column":34}},"125":{"start":{"line":262,"column":16},"end":{"line":289,"column":17}},"126":{"start":{"line":263,"column":20},"end":{"line":280,"column":23}},"127":{"start":{"line":269,"column":24},"end":{"line":270,"column":35}},"128":{"start":{"line":270,"column":28},"end":{"line":270,"column":35}},"129":{"start":{"line":271,"column":24},"end":{"line":271,"column":38}},"130":{"start":{"line":272,"column":24},"end":{"line":272,"column":88}},"131":{"start":{"line":276,"column":24},"end":{"line":277,"column":35}},"132":{"start":{"line":277,"column":28},"end":{"line":277,"column":35}},"133":{"start":{"line":278,"column":24},"end":{"line":278,"column":38}},"134":{"start":{"line":279,"column":24},"end":{"line":279,"column":34}},"135":{"start":{"line":285,"column":20},"end":{"line":286,"column":31}},"136":{"start":{"line":286,"column":24},"end":{"line":286,"column":31}},"137":{"start":{"line":288,"column":20},"end":{"line":288,"column":34}},"138":{"start":{"line":293,"column":16},"end":{"line":293,"column":27}},"139":{"start":{"line":298,"column":12},"end":{"line":298,"column":23}},"140":{"start":{"line":305,"column":0},"end":{"line":312,"column":2}},"141":{"start":{"line":306,"column":4},"end":{"line":308,"column":5}},"142":{"start":{"line":307,"column":8},"end":{"line":307,"column":25}},"143":{"start":{"line":309,"column":4},"end":{"line":311,"column":7}},"144":{"start":{"line":310,"column":8},"end":{"line":310,"column":27}},"145":{"start":{"line":315,"column":0},"end":{"line":319,"column":2}},"146":{"start":{"line":316,"column":4},"end":{"line":318,"column":7}},"147":{"start":{"line":317,"column":8},"end":{"line":317,"column":23}},"148":{"start":{"line":320,"column":0},"end":{"line":320,"column":27}}},"fnMap":{"0":{"name":"(anonymous_0)","decl":{"start":{"line":5,"column":4},"end":{"line":5,"column":5}},"loc":{"start":{"line":5,"column":20},"end":{"line":39,"column":5}},"line":5},"1":{"name":"resolve","decl":{"start":{"line":13,"column":17},"end":{"line":13,"column":24}},"loc":{"start":{"line":13,"column":32},"end":{"line":23,"column":9}},"line":13},"2":{"name":"(anonymous_2)","decl":{"start":{"line":19,"column":50},"end":{"line":19,"column":51}},"loc":{"start":{"line":19,"column":64},"end":{"line":21,"column":17}},"line":19},"3":{"name":"reject","decl":{"start":{"line":24,"column":17},"end":{"line":24,"column":23}},"loc":{"start":{"line":24,"column":32},"end":{"line":32,"column":9}},"line":24},"4":{"name":"(anonymous_4)","decl":{"start":{"line":28,"column":49},"end":{"line":28,"column":50}},"loc":{"start":{"line":28,"column":63},"end":{"line":30,"column":17}},"line":28},"5":{"name":"(anonymous_5)","decl":{"start":{"line":40,"column":4},"end":{"line":40,"column":5}},"loc":{"start":{"line":40,"column":28},"end":{"line":61,"column":5}},"line":40},"6":{"name":"(anonymous_6)","decl":{"start":{"line":41,"column":39},"end":{"line":41,"column":40}},"loc":{"start":{"line":41,"column":60},"end":{"line":59,"column":9}},"line":41},"7":{"name":"(anonymous_7)","decl":{"start":{"line":48,"column":32},"end":{"line":48,"column":33}},"loc":{"start":{"line":48,"column":52},"end":{"line":58,"column":13}},"line":48},"8":{"name":"(anonymous_8)","decl":{"start":{"line":49,"column":48},"end":{"line":49,"column":49}},"loc":{"start":{"line":49,"column":59},"end":{"line":55,"column":17}},"line":49},"9":{"name":"(anonymous_9)","decl":{"start":{"line":55,"column":19},"end":{"line":55,"column":20}},"loc":{"start":{"line":55,"column":31},"end":{"line":57,"column":17}},"line":55},"10":{"name":"(anonymous_10)","decl":{"start":{"line":62,"column":4},"end":{"line":62,"column":5}},"loc":{"start":{"line":62,"column":29},"end":{"line":78,"column":5}},"line":62},"11":{"name":"(anonymous_11)","decl":{"start":{"line":63,"column":39},"end":{"line":63,"column":40}},"loc":{"start":{"line":63,"column":60},"end":{"line":76,"column":9}},"line":63},"12":{"name":"(anonymous_12)","decl":{"start":{"line":68,"column":36},"end":{"line":68,"column":37}},"loc":{"start":{"line":68,"column":49},"end":{"line":72,"column":17}},"line":68},"13":{"name":"(anonymous_13)","decl":{"start":{"line":69,"column":52},"end":{"line":69,"column":53}},"loc":{"start":{"line":69,"column":63},"end":{"line":71,"column":21}},"line":69},"14":{"name":"(anonymous_14)","decl":{"start":{"line":72,"column":19},"end":{"line":72,"column":20}},"loc":{"start":{"line":72,"column":31},"end":{"line":74,"column":17}},"line":72},"15":{"name":"(anonymous_15)","decl":{"start":{"line":79,"column":4},"end":{"line":79,"column":5}},"loc":{"start":{"line":79,"column":35},"end":{"line":106,"column":5}},"line":79},"16":{"name":"(anonymous_16)","decl":{"start":{"line":80,"column":29},"end":{"line":80,"column":30}},"loc":{"start":{"line":80,"column":50},"end":{"line":105,"column":9}},"line":80},"17":{"name":"(anonymous_17)","decl":{"start":{"line":87,"column":32},"end":{"line":87,"column":33}},"loc":{"start":{"line":87,"column":52},"end":{"line":104,"column":13}},"line":87},"18":{"name":"(anonymous_18)","decl":{"start":{"line":88,"column":48},"end":{"line":88,"column":49}},"loc":{"start":{"line":88,"column":59},"end":{"line":93,"column":17}},"line":88},"19":{"name":"(anonymous_19)","decl":{"start":{"line":93,"column":19},"end":{"line":93,"column":20}},"loc":{"start":{"line":93,"column":31},"end":{"line":98,"column":17}},"line":93},"20":{"name":"(anonymous_20)","decl":{"start":{"line":98,"column":27},"end":{"line":98,"column":28}},"loc":{"start":{"line":98,"column":33},"end":{"line":103,"column":17}},"line":98},"21":{"name":"(anonymous_21)","decl":{"start":{"line":107,"column":4},"end":{"line":107,"column":5}},"loc":{"start":{"line":107,"column":22},"end":{"line":114,"column":5}},"line":107},"22":{"name":"(anonymous_22)","decl":{"start":{"line":109,"column":39},"end":{"line":109,"column":40}},"loc":{"start":{"line":109,"column":66},"end":{"line":112,"column":9}},"line":109},"23":{"name":"(anonymous_23)","decl":{"start":{"line":116,"column":4},"end":{"line":116,"column":5}},"loc":{"start":{"line":116,"column":34},"end":{"line":213,"column":5}},"line":116},"24":{"name":"(anonymous_24)","decl":{"start":{"line":120,"column":30},"end":{"line":120,"column":31}},"loc":{"start":{"line":120,"column":47},"end":{"line":122,"column":13}},"line":120},"25":{"name":"(anonymous_25)","decl":{"start":{"line":127,"column":29},"end":{"line":127,"column":30}},"loc":{"start":{"line":127,"column":47},"end":{"line":134,"column":13}},"line":127},"26":{"name":"(anonymous_26)","decl":{"start":{"line":140,"column":41},"end":{"line":140,"column":42}},"loc":{"start":{"line":140,"column":62},"end":{"line":159,"column":13}},"line":140},"27":{"name":"(anonymous_27)","decl":{"start":{"line":144,"column":27},"end":{"line":144,"column":28}},"loc":{"start":{"line":144,"column":33},"end":{"line":158,"column":17}},"line":144},"28":{"name":"(anonymous_28)","decl":{"start":{"line":166,"column":41},"end":{"line":166,"column":42}},"loc":{"start":{"line":166,"column":62},"end":{"line":182,"column":13}},"line":166},"29":{"name":"(anonymous_29)","decl":{"start":{"line":167,"column":27},"end":{"line":167,"column":28}},"loc":{"start":{"line":167,"column":33},"end":{"line":181,"column":17}},"line":167},"30":{"name":"(anonymous_30)","decl":{"start":{"line":189,"column":41},"end":{"line":189,"column":42}},"loc":{"start":{"line":189,"column":62},"end":{"line":210,"column":13}},"line":189},"31":{"name":"(anonymous_31)","decl":{"start":{"line":190,"column":47},"end":{"line":190,"column":48}},"loc":{"start":{"line":190,"column":59},"end":{"line":199,"column":17}},"line":190},"32":{"name":"(anonymous_32)","decl":{"start":{"line":191,"column":31},"end":{"line":191,"column":32}},"loc":{"start":{"line":191,"column":37},"end":{"line":198,"column":21}},"line":191},"33":{"name":"(anonymous_33)","decl":{"start":{"line":200,"column":46},"end":{"line":200,"column":47}},"loc":{"start":{"line":200,"column":58},"end":{"line":209,"column":17}},"line":200},"34":{"name":"(anonymous_34)","decl":{"start":{"line":201,"column":31},"end":{"line":201,"column":32}},"loc":{"start":{"line":201,"column":37},"end":{"line":208,"column":21}},"line":201},"35":{"name":"(anonymous_35)","decl":{"start":{"line":214,"column":4},"end":{"line":214,"column":5}},"loc":{"start":{"line":214,"column":22},"end":{"line":216,"column":5}},"line":214},"36":{"name":"(anonymous_36)","decl":{"start":{"line":217,"column":4},"end":{"line":217,"column":5}},"loc":{"start":{"line":217,"column":16},"end":{"line":227,"column":5}},"line":217},"37":{"name":"(anonymous_37)","decl":{"start":{"line":218,"column":25},"end":{"line":218,"column":26}},"loc":{"start":{"line":218,"column":42},"end":{"line":222,"column":9}},"line":218},"38":{"name":"(anonymous_38)","decl":{"start":{"line":219,"column":48},"end":{"line":219,"column":49}},"loc":{"start":{"line":219,"column":60},"end":{"line":221,"column":13}},"line":219},"39":{"name":"(anonymous_39)","decl":{"start":{"line":222,"column":11},"end":{"line":222,"column":12}},"loc":{"start":{"line":222,"column":28},"end":{"line":226,"column":9}},"line":222},"40":{"name":"(anonymous_40)","decl":{"start":{"line":223,"column":48},"end":{"line":223,"column":49}},"loc":{"start":{"line":223,"column":60},"end":{"line":225,"column":13}},"line":223},"41":{"name":"(anonymous_41)","decl":{"start":{"line":228,"column":4},"end":{"line":228,"column":5}},"loc":{"start":{"line":228,"column":48},"end":{"line":300,"column":5}},"line":228},"42":{"name":"(anonymous_42)","decl":{"start":{"line":238,"column":19},"end":{"line":238,"column":20}},"loc":{"start":{"line":238,"column":32},"end":{"line":240,"column":13}},"line":238},"43":{"name":"(anonymous_43)","decl":{"start":{"line":265,"column":20},"end":{"line":265,"column":21}},"loc":{"start":{"line":265,"column":33},"end":{"line":273,"column":21}},"line":265},"44":{"name":"(anonymous_44)","decl":{"start":{"line":275,"column":20},"end":{"line":275,"column":21}},"loc":{"start":{"line":275,"column":33},"end":{"line":280,"column":21}},"line":275},"45":{"name":"(anonymous_45)","decl":{"start":{"line":305,"column":20},"end":{"line":305,"column":21}},"loc":{"start":{"line":305,"column":35},"end":{"line":312,"column":1}},"line":305},"46":{"name":"(anonymous_46)","decl":{"start":{"line":309,"column":25},"end":{"line":309,"column":26}},"loc":{"start":{"line":309,"column":44},"end":{"line":311,"column":5}},"line":309},"47":{"name":"(anonymous_47)","decl":{"start":{"line":315,"column":19},"end":{"line":315,"column":20}},"loc":{"start":{"line":315,"column":31},"end":{"line":319,"column":1}},"line":315},"48":{"name":"(anonymous_48)","decl":{"start":{"line":316,"column":25},"end":{"line":316,"column":26}},"loc":{"start":{"line":316,"column":52},"end":{"line":318,"column":5}},"line":316}},"branchMap":{"0":{"loc":{"start":{"line":14,"column":12},"end":{"line":22,"column":13}},"type":"if","locations":[{"start":{"line":14,"column":12},"end":{"line":22,"column":13}},{"start":{},"end":{}}],"line":14},"1":{"loc":{"start":{"line":25,"column":12},"end":{"line":31,"column":13}},"type":"if","locations":[{"start":{"line":25,"column":12},"end":{"line":31,"column":13}},{"start":{},"end":{}}],"line":25},"2":{"loc":{"start":{"line":45,"column":12},"end":{"line":47,"column":13}},"type":"if","locations":[{"start":{"line":45,"column":12},"end":{"line":47,"column":13}},{"start":{},"end":{}}],"line":45},"3":{"loc":{"start":{"line":52,"column":20},"end":{"line":54,"column":21}},"type":"if","locations":[{"start":{"line":52,"column":20},"end":{"line":54,"column":21}},{"start":{},"end":{}}],"line":52},"4":{"loc":{"start":{"line":64,"column":12},"end":{"line":75,"column":13}},"type":"if","locations":[{"start":{"line":64,"column":12},"end":{"line":75,"column":13}},{"start":{"line":67,"column":17},"end":{"line":75,"column":13}}],"line":64},"5":{"loc":{"start":{"line":84,"column":12},"end":{"line":86,"column":13}},"type":"if","locations":[{"start":{"line":84,"column":12},"end":{"line":86,"column":13}},{"start":{},"end":{}}],"line":84},"6":{"loc":{"start":{"line":100,"column":20},"end":{"line":102,"column":21}},"type":"if","locations":[{"start":{"line":100,"column":20},"end":{"line":102,"column":21}},{"start":{},"end":{}}],"line":100},"7":{"loc":{"start":{"line":119,"column":8},"end":{"line":123,"column":9}},"type":"if","locations":[{"start":{"line":119,"column":8},"end":{"line":123,"column":9}},{"start":{},"end":{}}],"line":119},"8":{"loc":{"start":{"line":126,"column":8},"end":{"line":135,"column":9}},"type":"if","locations":[{"start":{"line":126,"column":8},"end":{"line":135,"column":9}},{"start":{},"end":{}}],"line":126},"9":{"loc":{"start":{"line":128,"column":16},"end":{"line":133,"column":17}},"type":"if","locations":[{"start":{"line":128,"column":16},"end":{"line":133,"column":17}},{"start":{"line":131,"column":21},"end":{"line":133,"column":17}}],"line":128},"10":{"loc":{"start":{"line":137,"column":8},"end":{"line":161,"column":9}},"type":"if","locations":[{"start":{"line":137,"column":8},"end":{"line":161,"column":9}},{"start":{},"end":{}}],"line":137},"11":{"loc":{"start":{"line":146,"column":24},"end":{"line":153,"column":25}},"type":"if","locations":[{"start":{"line":146,"column":24},"end":{"line":153,"column":25}},{"start":{"line":149,"column":29},"end":{"line":153,"column":25}}],"line":146},"12":{"loc":{"start":{"line":163,"column":8},"end":{"line":184,"column":9}},"type":"if","locations":[{"start":{"line":163,"column":8},"end":{"line":184,"column":9}},{"start":{},"end":{}}],"line":163},"13":{"loc":{"start":{"line":169,"column":24},"end":{"line":176,"column":25}},"type":"if","locations":[{"start":{"line":169,"column":24},"end":{"line":176,"column":25}},{"start":{"line":172,"column":29},"end":{"line":176,"column":25}}],"line":169},"14":{"loc":{"start":{"line":186,"column":8},"end":{"line":212,"column":9}},"type":"if","locations":[{"start":{"line":186,"column":8},"end":{"line":212,"column":9}},{"start":{},"end":{}}],"line":186},"15":{"loc":{"start":{"line":231,"column":8},"end":{"line":233,"column":9}},"type":"if","locations":[{"start":{"line":231,"column":8},"end":{"line":233,"column":9}},{"start":{},"end":{}}],"line":231},"16":{"loc":{"start":{"line":234,"column":8},"end":{"line":299,"column":9}},"type":"if","locations":[{"start":{"line":234,"column":8},"end":{"line":299,"column":9}},{"start":{"line":243,"column":13},"end":{"line":299,"column":9}}],"line":234},"17":{"loc":{"start":{"line":243,"column":13},"end":{"line":299,"column":9}},"type":"if","locations":[{"start":{"line":243,"column":13},"end":{"line":299,"column":9}},{"start":{"line":296,"column":13},"end":{"line":299,"column":9}}],"line":243},"18":{"loc":{"start":{"line":243,"column":17},"end":{"line":243,"column":65}},"type":"binary-expr","locations":[{"start":{"line":243,"column":17},"end":{"line":243,"column":38}},{"start":{"line":243,"column":42},"end":{"line":243,"column":65}}],"line":243},"19":{"loc":{"start":{"line":245,"column":12},"end":{"line":247,"column":13}},"type":"if","locations":[{"start":{"line":245,"column":12},"end":{"line":247,"column":13}},{"start":{},"end":{}}],"line":245},"20":{"loc":{"start":{"line":257,"column":12},"end":{"line":294,"column":13}},"type":"if","locations":[{"start":{"line":257,"column":12},"end":{"line":294,"column":13}},{"start":{"line":291,"column":17},"end":{"line":294,"column":13}}],"line":257},"21":{"loc":{"start":{"line":269,"column":24},"end":{"line":270,"column":35}},"type":"if","locations":[{"start":{"line":269,"column":24},"end":{"line":270,"column":35}},{"start":{},"end":{}}],"line":269},"22":{"loc":{"start":{"line":276,"column":24},"end":{"line":277,"column":35}},"type":"if","locations":[{"start":{"line":276,"column":24},"end":{"line":277,"column":35}},{"start":{},"end":{}}],"line":276},"23":{"loc":{"start":{"line":285,"column":20},"end":{"line":286,"column":31}},"type":"if","locations":[{"start":{"line":285,"column":20},"end":{"line":286,"column":31}},{"start":{},"end":{}}],"line":285},"24":{"loc":{"start":{"line":306,"column":4},"end":{"line":308,"column":5}},"type":"if","locations":[{"start":{"line":306,"column":4},"end":{"line":308,"column":5}},{"start":{},"end":{}}],"line":306}},"s":{"0":1,"1":1,"2":1,"3":18,"4":18,"5":18,"6":18,"7":18,"8":18,"9":13,"10":13,"11":13,"12":13,"13":2,"14":3,"15":3,"16":3,"17":3,"18":0,"19":18,"20":18,"21":1,"22":1,"23":1,"24":1,"25":1,"26":1,"27":0,"28":1,"29":3,"30":3,"31":3,"32":3,"33":1,"34":0,"35":1,"36":1,"37":1,"38":0,"39":0,"40":0,"41":0,"42":0,"43":1,"44":0,"45":0,"46":0,"47":0,"48":0,"49":0,"50":0,"51":0,"52":0,"53":0,"54":0,"55":0,"56":0,"57":0,"58":0,"59":0,"60":0,"61":0,"62":7,"63":7,"64":0,"65":0,"66":7,"67":7,"68":1,"69":0,"70":0,"71":0,"72":7,"73":4,"74":4,"75":4,"76":4,"77":0,"78":4,"79":4,"80":0,"81":4,"82":3,"83":1,"84":1,"85":1,"86":1,"87":0,"88":1,"89":0,"90":1,"91":1,"92":2,"93":2,"94":2,"95":2,"96":2,"97":2,"98":2,"99":0,"100":2,"101":0,"102":0,"103":0,"104":0,"105":2,"106":0,"107":0,"108":0,"109":0,"110":0,"111":0,"112":4,"113":0,"114":4,"115":0,"116":0,"117":4,"118":0,"119":0,"120":0,"121":0,"122":0,"123":0,"124":0,"125":0,"126":0,"127":0,"128":0,"129":0,"130":0,"131":0,"132":0,"133":0,"134":0,"135":0,"136":0,"137":0,"138":0,"139":4,"140":1,"141":4,"142":3,"143":1,"144":1,"145":1,"146":1,"147":1,"148":1},"f":{"0":18,"1":13,"2":2,"3":3,"4":0,"5":1,"6":1,"7":3,"8":3,"9":0,"10":1,"11":1,"12":0,"13":0,"14":0,"15":0,"16":0,"17":0,"18":0,"19":0,"20":0,"21":0,"22":0,"23":7,"24":0,"25":0,"26":4,"27":4,"28":1,"29":1,"30":2,"31":2,"32":2,"33":0,"34":0,"35":0,"36":0,"37":0,"38":0,"39":0,"40":0,"41":4,"42":0,"43":0,"44":0,"45":4,"46":1,"47":1,"48":1},"b":{"0":[13,0],"1":[3,0],"2":[0,1],"3":[1,2],"4":[0,0],"5":[0,0],"6":[0,0],"7":[0,7],"8":[1,6],"9":[0,0],"10":[4,3],"11":[0,4],"12":[1,2],"13":[0,1],"14":[2,0],"15":[0,4],"16":[0,4],"17":[0,4],"18":[4,4],"19":[0,0],"20":[0,0],"21":[0,0],"22":[0,0],"23":[0,0],"24":[3,1]},"_coverageSchema":"1a1c01bbd47fc00a2c39e90264f33305004495a9","hash":"d612999f89e7773f46d239435873f6bd1ec30e2a"}
}
