TN:
SF:lib/bundle.esm.js
FN:5,(anonymous_0)
FN:13,resolve
FN:19,(anonymous_2)
FN:24,reject
FN:28,(anonymous_4)
FN:40,(anonymous_5)
FN:41,(anonymous_6)
FN:48,(anonymous_7)
FN:49,(anonymous_8)
FN:55,(anonymous_9)
FN:62,(anonymous_10)
FN:63,(anonymous_11)
FN:68,(anonymous_12)
FN:69,(anonymous_13)
FN:72,(anonymous_14)
FN:79,(anonymous_15)
FN:80,(anonymous_16)
FN:87,(anonymous_17)
FN:88,(anonymous_18)
FN:93,(anonymous_19)
FN:98,(anonymous_20)
FN:107,(anonymous_21)
FN:109,(anonymous_22)
FN:116,(anonymous_23)
FN:120,(anonymous_24)
FN:127,(anonymous_25)
FN:140,(anonymous_26)
FN:144,(anonymous_27)
FN:166,(anonymous_28)
FN:167,(anonymous_29)
FN:189,(anonymous_30)
FN:190,(anonymous_31)
FN:191,(anonymous_32)
FN:200,(anonymous_33)
FN:201,(anonymous_34)
FN:214,(anonymous_35)
FN:217,(anonymous_36)
FN:218,(anonymous_37)
FN:219,(anonymous_38)
FN:222,(anonymous_39)
FN:223,(anonymous_40)
FN:232,(anonymous_41)
FN:236,(anonymous_42)
FN:242,(anonymous_43)
FN:243,(anonymous_44)
FN:247,resolvePromise
FN:257,(anonymous_46)
FN:284,(anonymous_47)
FN:294,(anonymous_48)
FNF:49
FNH:23
FNDA:18,(anonymous_0)
FNDA:13,resolve
FNDA:2,(anonymous_2)
FNDA:3,reject
FNDA:0,(anonymous_4)
FNDA:1,(anonymous_5)
FNDA:1,(anonymous_6)
FNDA:3,(anonymous_7)
FNDA:3,(anonymous_8)
FNDA:0,(anonymous_9)
FNDA:1,(anonymous_10)
FNDA:1,(anonymous_11)
FNDA:0,(anonymous_12)
FNDA:0,(anonymous_13)
FNDA:0,(anonymous_14)
FNDA:0,(anonymous_15)
FNDA:0,(anonymous_16)
FNDA:0,(anonymous_17)
FNDA:0,(anonymous_18)
FNDA:0,(anonymous_19)
FNDA:0,(anonymous_20)
FNDA:0,(anonymous_21)
FNDA:0,(anonymous_22)
FNDA:7,(anonymous_23)
FNDA:0,(anonymous_24)
FNDA:0,(anonymous_25)
FNDA:4,(anonymous_26)
FNDA:4,(anonymous_27)
FNDA:1,(anonymous_28)
FNDA:1,(anonymous_29)
FNDA:2,(anonymous_30)
FNDA:2,(anonymous_31)
FNDA:2,(anonymous_32)
FNDA:0,(anonymous_33)
FNDA:0,(anonymous_34)
FNDA:0,(anonymous_35)
FNDA:0,(anonymous_36)
FNDA:0,(anonymous_37)
FNDA:0,(anonymous_38)
FNDA:0,(anonymous_39)
FNDA:0,(anonymous_40)
FNDA:4,(anonymous_41)
FNDA:1,(anonymous_42)
FNDA:1,(anonymous_43)
FNDA:1,(anonymous_44)
FNDA:4,resolvePromise
FNDA:0,(anonymous_46)
FNDA:0,(anonymous_47)
FNDA:0,(anonymous_48)
DA:1,1
DA:2,1
DA:3,1
DA:6,18
DA:7,18
DA:8,18
DA:9,18
DA:10,18
DA:12,18
DA:14,13
DA:16,13
DA:17,13
DA:19,13
DA:20,2
DA:25,3
DA:26,3
DA:27,3
DA:28,3
DA:29,0
DA:33,18
DA:34,18
DA:37,1
DA:41,1
DA:42,1
DA:43,1
DA:44,1
DA:45,1
DA:46,0
DA:48,1
DA:49,3
DA:50,3
DA:51,3
DA:52,3
DA:53,1
DA:56,0
DA:60,1
DA:63,1
DA:64,1
DA:65,0
DA:68,0
DA:69,0
DA:70,0
DA:73,0
DA:77,1
DA:80,0
DA:81,0
DA:82,0
DA:83,0
DA:84,0
DA:85,0
DA:87,0
DA:88,0
DA:89,0
DA:94,0
DA:99,0
DA:100,0
DA:101,0
DA:108,0
DA:109,0
DA:110,0
DA:111,0
DA:113,0
DA:118,7
DA:119,7
DA:120,0
DA:121,0
DA:125,7
DA:126,7
DA:127,1
DA:128,0
DA:129,0
DA:132,0
DA:137,7
DA:140,4
DA:144,4
DA:145,4
DA:146,4
DA:147,0
DA:151,4
DA:152,4
DA:156,0
DA:160,4
DA:163,3
DA:166,1
DA:167,1
DA:168,1
DA:169,1
DA:170,0
DA:174,1
DA:175,0
DA:179,1
DA:183,1
DA:186,2
DA:188,2
DA:189,2
DA:190,2
DA:191,2
DA:192,2
DA:193,2
DA:196,0
DA:200,2
DA:201,0
DA:202,0
DA:203,0
DA:206,0
DA:211,2
DA:215,0
DA:218,0
DA:219,0
DA:220,0
DA:223,0
DA:224,0
DA:232,1
DA:233,4
DA:234,3
DA:236,1
DA:237,1
DA:242,1
DA:243,1
DA:244,1
DA:250,4
DA:251,0
DA:253,4
DA:257,0
DA:258,0
DA:262,4
DA:264,0
DA:265,0
DA:267,0
DA:269,0
DA:273,0
DA:276,0
DA:277,0
DA:281,0
DA:282,0
DA:288,0
DA:289,0
DA:290,0
DA:291,0
DA:295,0
DA:296,0
DA:297,0
DA:298,0
DA:304,0
DA:305,0
DA:307,0
DA:312,0
DA:317,4
DA:320,1
LF:149
LH:79
BRDA:14,0,0,13
BRDA:14,0,1,0
BRDA:25,1,0,3
BRDA:25,1,1,0
BRDA:45,2,0,0
BRDA:45,2,1,1
BRDA:52,3,0,1
BRDA:52,3,1,2
BRDA:64,4,0,0
BRDA:64,4,1,0
BRDA:84,5,0,0
BRDA:84,5,1,0
BRDA:100,6,0,0
BRDA:100,6,1,0
BRDA:119,7,0,0
BRDA:119,7,1,7
BRDA:126,8,0,1
BRDA:126,8,1,6
BRDA:128,9,0,0
BRDA:128,9,1,0
BRDA:137,10,0,4
BRDA:137,10,1,3
BRDA:146,11,0,0
BRDA:146,11,1,4
BRDA:163,12,0,1
BRDA:163,12,1,2
BRDA:169,13,0,0
BRDA:169,13,1,1
BRDA:186,14,0,2
BRDA:186,14,1,0
BRDA:233,15,0,3
BRDA:233,15,1,1
BRDA:250,16,0,0
BRDA:250,16,1,4
BRDA:253,17,0,0
BRDA:253,17,1,4
BRDA:262,18,0,0
BRDA:262,18,1,4
BRDA:262,19,0,4
BRDA:262,19,1,4
BRDA:264,20,0,0
BRDA:264,20,1,0
BRDA:276,21,0,0
BRDA:276,21,1,0
BRDA:288,22,0,0
BRDA:288,22,1,0
BRDA:295,23,0,0
BRDA:295,23,1,0
BRDA:304,24,0,0
BRDA:304,24,1,0
BRF:50
BRH:22
end_of_record
